<?xml version="1.0" encoding="UTF-8"?>
<!-- Generated by org.testng.reporters.JUnitReportReporter -->
<testsuite hostname="MT-5CG1057HYC" failures="0" tests="4" name="testscripts.VerifyQATest" time="737.090" errors="0" timestamp="2022-11-17T18:08:39 IST" skipped="0">
  <testcase classname="testscripts.VerifyQATest" name="TestData" time="1.500"/>
  <system-out/>
  <testcase classname="testscripts.VerifyQATest" name="OpenBrowser" time="4.688"/>
  <system-out/>
  <testcase classname="testscripts.VerifyQATest" name="ScrollandSelectOrganization" time="725.328"/>
  <system-out/>
  <testcase classname="testscripts.VerifyQATest" name="Search" time="5.574"/>
  <system-out/>
</testsuite> <!-- testscripts.VerifyQATest -->
